<?xml version="1.0" encoding="UTF-8"?>
<!-- Generated by org.testng.reporters.JUnitReportReporter -->
<testsuite skipped="0" hostname="LAPTOP-2P4F1EE2" name="Runners.RunnerClass" tests="5" failures="0" timestamp="2022-11-05T16:29:47 IST" time="1.816" errors="0">
  <testcase name="runScenario" time="1.382" classname="Runners.RunnerClass"/>
  <system-out/>
  <testcase name="runScenario" time="0.047" classname="Runners.RunnerClass"/>
  <system-out/>
  <testcase name="runScenario" time="0.031" classname="Runners.RunnerClass"/>
  <system-out/>
  <testcase name="runScenario" time="0.121" classname="Runners.RunnerClass"/>
  <system-out/>
  <testcase name="runScenario" time="0.235" classname="Runners.RunnerClass"/>
  <system-out/>
</testsuite> <!-- Runners.RunnerClass -->
